android/build/intermediates/manifest_merge_blame_file/debug/manifest-merger-blame-debug-report.txt
1<?xml version="1.0" encoding="utf-8"?>
2<!--
3  ~ Version for React Native
4  ~ © 2020 YANDEX
5  ~ You may not use this file except in compliance with the License.
6  ~ You may obtain a copy of the License at
7  ~ https://yandex.com/legal/appmetrica_sdk_agreement/
8-->
9<manifest xmlns:android="http://schemas.android.com/apk/res/android"
10    package="com.yandex.metrica.plugin.reactnative" >
11
12    <uses-sdk android:minSdkVersion="16" />
13
14</manifest>